<?xml version="1.0" encoding="UTF-8"?>
<!-- Generated by org.testng.reporters.JUnitReportReporter -->
<testsuite skipped="0" hostname="360NDCPC032" name="genric.DriverUtils" tests="1" failures="0" timestamp="28 Sep 2017 06:12:26 GMT" time="15.158" errors="0">
  <testcase name="test" time="15.158" classname="genric.DriverUtils"/>
</testsuite> <!-- genric.DriverUtils -->
