<?xml version="1.0" encoding="UTF-8"?>
<!-- Generated by org.testng.reporters.JUnitReportReporter -->
<testsuite skipped="0" hostname="360NDCPC032" name="genric.baseTest" tests="2" failures="0" timestamp="26 Oct 2017 09:43:24 GMT" time="0.008" errors="0">
  <testcase name="test" time="0.007" classname="genric.baseTest"/>
  <testcase name="test1" time="0.001" classname="genric.baseTest"/>
</testsuite> <!-- genric.baseTest -->
