<?xml version="1.0" encoding="UTF-8"?>
<!-- Generated by org.testng.reporters.JUnitReportReporter -->
<testsuite skipped="0" hostname="360NDCPC032" name="webApplication.BVTTestCases" tests="1" failures="0" timestamp="26 Oct 2017 09:49:55 GMT" time="2.676" errors="0">
  <testcase name="loginUser" time="2.676" classname="webApplication.BVTTestCases"/>
</testsuite> <!-- webApplication.BVTTestCases -->
