<?xml version="1.0" encoding="UTF-8"?>
<!-- Generated by org.testng.reporters.JUnitReportReporter -->
<testsuite skipped="0" hostname="360NDCPC032" name="webApplication.BVTTestCases" tests="1" failures="0" timestamp="28 Sep 2017 06:13:05 GMT" time="3.246" errors="0">
  <testcase name="launchApp" time="3.246" classname="webApplication.BVTTestCases"/>
</testsuite> <!-- webApplication.BVTTestCases -->
