<?xml version="1.0" encoding="UTF-8"?>
<!-- Generated by org.testng.reporters.JUnitReportReporter -->
<testsuite name="webApplication.BVTTestCases" tests="1" time="0.024" ignored="0" failures="0" timestamp="28 Oct 2017 13:43:02 GMT" skipped="0" hostname="SHIV" errors="0">
  <testcase name="loginUser" time="0.024" classname="webApplication.BVTTestCases"/>
</testsuite> <!-- webApplication.BVTTestCases -->
