<?xml version="1.0" encoding="UTF-8"?>
<!-- Generated by org.testng.reporters.JUnitReportReporter -->
<testsuite name="in.amazon.HomePageScript" tests="1" time="0.050" ignored="0" failures="0" timestamp="02 Nov 2017 15:56:19 GMT" skipped="0" hostname="SHIV" errors="0">
  <testcase name="loginUser" time="0.050" classname="in.amazon.HomePageScript"/>
</testsuite> <!-- in.amazon.HomePageScript -->
